<?xml version="1.0" encoding="UTF-8"?>
<robot generator="Robot 6.0.2 (Python 3.10.4 on win32)" generated="20230711 13:48:21.468" rpa="false" schemaversion="3">
<suite id="s1" name="Robot-Tests" source="D:\test_automation_interview\robot-tests">
<suite id="s1-s1" name="Tests" source="D:\test_automation_interview\robot-tests\tests">
<suite id="s1-s1-s1" name="Tests" source="D:\test_automation_interview\robot-tests\tests\tests.robot">
<test id="s1-s1-s1-t1" name="Initial Test" line="9">
<kw name="New Page" library="Browser">
<arg>${HOME_PAGE}</arg>
<tag>BrowserControl</tag>
<tag>Setter</tag>
<doc>Open a new Page.</doc>
<msg timestamp="20230711 13:48:23.936" level="INFO">Successfully initialized new page object and opened url: http://127.0.0.1:8000/</msg>
<msg timestamp="20230711 13:48:23.937" level="INFO">No browser and context was open. New browser and context was automatically opened when page is created.</msg>
<status status="PASS" starttime="20230711 13:48:22.878" endtime="20230711 13:48:23.937"/>
</kw>
<kw name="Get Text" library="Browser">
<arg>h1</arg>
<arg>==</arg>
<arg>To Do App</arg>
<tag>Assertion</tag>
<tag>Getter</tag>
<tag>PageContent</tag>
<doc>Returns text attribute of the element found by ``selector``.</doc>
<msg timestamp="20230711 13:48:24.018" level="INFO">Text: 'To Do App'</msg>
<status status="PASS" starttime="20230711 13:48:23.937" endtime="20230711 13:48:24.018"/>
</kw>
<status status="PASS" starttime="20230711 13:48:22.872" endtime="20230711 13:48:24.019"/>
</test>
<test id="s1-s1-s1-t2" name="Add Task Test" line="13">
<kw name="New Page" library="Browser">
<arg>${HOME_PAGE}</arg>
<tag>BrowserControl</tag>
<tag>Setter</tag>
<doc>Open a new Page.</doc>
<msg timestamp="20230711 13:48:24.574" level="INFO">Successfully initialized new page object and opened url: http://127.0.0.1:8000/</msg>
<msg timestamp="20230711 13:48:24.574" level="INFO">No context was open. New context was automatically opened when this page is created.</msg>
<status status="PASS" starttime="20230711 13:48:24.091" endtime="20230711 13:48:24.575"/>
</kw>
<kw name="Fill Text" library="Browser">
<arg>//input[@name="title"]</arg>
<arg>${INPUT_TEXT}</arg>
<tag>PageContent</tag>
<tag>Setter</tag>
<doc>Clears and fills the given ``txt`` into the text field found by ``selector``.</doc>
<msg timestamp="20230711 13:48:24.576" level="INFO">Fills the text 'Learn Python' in the given field.</msg>
<status status="PASS" starttime="20230711 13:48:24.575" endtime="20230711 13:48:24.632"/>
</kw>
<kw name="Click" library="Browser">
<arg>//button</arg>
<tag>PageContent</tag>
<tag>Setter</tag>
<doc>Simulates mouse click on the element found by ``selector``.</doc>
<status status="PASS" starttime="20230711 13:48:24.632" endtime="20230711 13:48:24.748"/>
</kw>
<kw name="Get Text" library="Browser">
<arg>//p[@class="ui big header"]</arg>
<arg>contains</arg>
<arg>${INPUT_TEXT}</arg>
<tag>Assertion</tag>
<tag>Getter</tag>
<tag>PageContent</tag>
<doc>Returns text attribute of the element found by ``selector``.</doc>
<msg timestamp="20230711 13:48:24.864" level="INFO">Text: '1 | Learn Python'</msg>
<status status="PASS" starttime="20230711 13:48:24.749" endtime="20230711 13:48:24.864"/>
</kw>
<status status="PASS" starttime="20230711 13:48:24.087" endtime="20230711 13:48:24.865"/>
</test>
<status status="PASS" starttime="20230711 13:48:21.513" endtime="20230711 13:48:24.938"/>
</suite>
<status status="PASS" starttime="20230711 13:48:21.509" endtime="20230711 13:48:24.945"/>
</suite>
<status status="PASS" starttime="20230711 13:48:21.474" endtime="20230711 13:48:24.946"/>
</suite>
<statistics>
<total>
<stat pass="2" fail="0" skip="0">All Tests</stat>
</total>
<tag>
</tag>
<suite>
<stat pass="2" fail="0" skip="0" id="s1" name="Robot-Tests">Robot-Tests</stat>
<stat pass="2" fail="0" skip="0" id="s1-s1" name="Tests">Robot-Tests.Tests</stat>
<stat pass="2" fail="0" skip="0" id="s1-s1-s1" name="Tests">Robot-Tests.Tests.Tests</stat>
</suite>
</statistics>
<errors>
</errors>
</robot>
